<?xml version="1.0" encoding="UTF-8"?>
<!-- Generated by org.testng.reporters.JUnitXMLReporter -->
<testsuite ignored="0" hostname="DESKTOP-5J36R0S" failures="0" tests="6" name="E2E API Testing " time="8.34" errors="0" timestamp="2022-02-03T16:05:59 EET">
  <testcase classname="org.herokuapp.api.ApiE2ETesting" name="UC01_postNewAdvertisement" time="3.784"/>
  <testcase classname="org.herokuapp.api.ApiE2ETesting" name="UC02_validatePostedNewAdvertisement" time="0.8"/>
  <testcase classname="org.herokuapp.api.ApiE2ETesting" name="UC03_getAllAdvertisement" time="0.736"/>
  <testcase classname="org.herokuapp.api.ApiE2ETesting" name="UC04_getOnlyOneAdd" time="0.701"/>
  <testcase classname="org.herokuapp.api.ApiE2ETesting" name="UC05_updateAdvertisement" time="0.716"/>
  <testcase classname="org.herokuapp.api.ApiE2ETesting" name="UC06_validateUpdatedAdvertisement" time="0.715"/>
</testsuite> <!-- E2E API Testing  -->
