<?xml version="1.0" encoding="UTF-8"?>
<testsuite xmlns:xsi="http://www.w3.org/2001/XMLSchema-instance" xsi:noNamespaceSchemaLocation="https://maven.apache.org/surefire/maven-surefire-plugin/xsd/surefire-test-report-3.0.xsd" version="3.0" name="TestSuite" time="23.437" tests="10" errors="0" skipped="0" failures="0">
  <properties>
[...]
</properties>
  <testcase name="UC01_validateAdvertisementTableIsDisplayed" classname="org.herokuapp.webuitests.HomeTests" time="0.081">
    <system-out><![CDATA[...
... TestNG 7.4.0 by Cédric Beust (cedric@beust.com)
...

[DEBUG] 2022-02-03 16:44:57.165 main.org.herokuapp.webframework.testconfiguration.TestConfigurationBuilder.setBrowser.Line 44 - Execution Browser is CHROME
[DEBUG] 2022-02-03 16:44:57.169 main.org.herokuapp.webframework.testconfiguration.TestConfigurationBuilder.setBrowserCustomDimensions.Line 37 - Execution Dimensions is MAX
[DEBUG] 2022-02-03 16:44:57.169 main.org.herokuapp.webframework.testconfiguration.TestConfigurationBuilder.setWindowType.Line 26 - Execution privacy is PUBLIC
[DEBUG] 2022-02-03 16:44:57.170 main.org.herokuapp.webframework.testconfiguration.TestConfigurationBuilder.setExecutionMode.Line 21 - Execution mode is HEADFULL
[DEBUG] 2022-02-03 16:44:57.253 main.org.herokuapp.webframework.testconfiguration.TestConfigurationBuilder.setBrowser.Line 44 - Execution Browser is CHROME
[DEBUG] 2022-02-03 16:44:57.253 main.org.herokuapp.webframework.testconfiguration.TestConfigurationBuilder.setBrowserCustomDimensions.Line 37 - Execution Dimensions is MAX
[DEBUG] 2022-02-03 16:44:57.254 main.org.herokuapp.webframework.testconfiguration.TestConfigurationBuilder.setWindowType.Line 26 - Execution privacy is PUBLIC
[DEBUG] 2022-02-03 16:44:57.254 main.org.herokuapp.webframework.testconfiguration.TestConfigurationBuilder.setExecutionMode.Line 21 - Execution mode is HEADFULL
[DEBUG] 2022-02-03 16:44:57.272 main.org.herokuapp.webframework.testconfiguration.TestConfigurationBuilder.setBrowser.Line 44 - Execution Browser is CHROME
[DEBUG] 2022-02-03 16:44:57.273 main.org.herokuapp.webframework.testconfiguration.TestConfigurationBuilder.setBrowserCustomDimensions.Line 37 - Execution Dimensions is MAX
[DEBUG] 2022-02-03 16:44:57.273 main.org.herokuapp.webframework.testconfiguration.TestConfigurationBuilder.setWindowType.Line 26 - Execution privacy is PUBLIC
[DEBUG] 2022-02-03 16:44:57.273 main.org.herokuapp.webframework.testconfiguration.TestConfigurationBuilder.setExecutionMode.Line 21 - Execution mode is HEADFULL
[DEBUG] 2022-02-03 16:44:57.306 TestNG-tests-3.org.herokuapp.webframework.webdriverfactory.Chrome.GetBrowser.Line 26 - Browser set to be chrome
[DEBUG] 2022-02-03 16:44:57.308 TestNG-tests-1.org.herokuapp.webframework.webdriverfactory.Chrome.GetBrowser.Line 26 - Browser set to be chrome
[DEBUG] 2022-02-03 16:44:57.308 TestNG-tests-2.org.herokuapp.webframework.webdriverfactory.Chrome.GetBrowser.Line 26 - Browser set to be chrome
[DEBUG] 2022-02-03 16:45:02.891 TestNG-tests-1.org.herokuapp.webframework.webdriverfactory.DriverFactory.SetupConfig.Line 66 -  Custom size is : Max
[DEBUG] 2022-02-03 16:45:02.892 TestNG-tests-1.org.herokuapp.webframework.webdriverfactory.DriverFactory.OpenBrowser.Line 34 - invoking Chrome web browser
[DEBUG] 2022-02-03 16:45:03.221 TestNG-tests-3.org.herokuapp.webframework.webdriverfactory.DriverFactory.SetupConfig.Line 66 -  Custom size is : Max
[DEBUG] 2022-02-03 16:45:03.221 TestNG-tests-3.org.herokuapp.webframework.webdriverfactory.DriverFactory.OpenBrowser.Line 34 - invoking Chrome web browser
[DEBUG] 2022-02-03 16:45:03.330 TestNG-tests-2.org.herokuapp.webframework.webdriverfactory.DriverFactory.SetupConfig.Line 66 -  Custom size is : Max
[DEBUG] 2022-02-03 16:45:03.330 TestNG-tests-2.org.herokuapp.webframework.webdriverfactory.DriverFactory.OpenBrowser.Line 34 - invoking Chrome web browser
[INFO ] 2022-02-03 16:45:08.134 TestNG-tests-3.org.herokuapp.helpers.TestListener.onTestStart.Line 29 - Test UC01_AddingNewAdd_Happy started
[INFO ] 2022-02-03 16:45:08.615 TestNG-tests-2.org.herokuapp.helpers.TestListener.onTestStart.Line 29 - Test UC01_validatePageTitle started
[INFO ] 2022-02-03 16:45:08.624 TestNG-tests-1.org.herokuapp.helpers.TestListener.onTestStart.Line 29 - Test UC01_validateAdvertisementTableIsDisplayed started
[INFO ] 2022-02-03 16:45:08.702 TestNG-tests-1.org.herokuapp.helpers.TestListener.onTestSuccess.Line 34 - Test UC01_validateAdvertisementTableIsDisplayed Success
]]></system-out>
    <system-err><![CDATA[[TestNG-tests-3] INFO io.github.bonigarcia.wdm.WebDriverManager - Using chromedriver 97.0.4692.71 (resolved driver for Chrome 97)
[TestNG-tests-2] INFO io.github.bonigarcia.wdm.WebDriverManager - Using chromedriver 97.0.4692.71 (resolved driver for Chrome 97)
[TestNG-tests-1] INFO io.github.bonigarcia.wdm.WebDriverManager - Using chromedriver 97.0.4692.71 (resolved driver for Chrome 97)
[TestNG-tests-3] INFO io.github.bonigarcia.wdm.WebDriverManager - Exporting webdriver.chrome.driver as C:\Users\Khaled M Farh\.cache\selenium\chromedriver\win32\97.0.4692.71\chromedriver.exe
[TestNG-tests-1] INFO io.github.bonigarcia.wdm.WebDriverManager - Exporting webdriver.chrome.driver as C:\Users\Khaled M Farh\.cache\selenium\chromedriver\win32\97.0.4692.71\chromedriver.exe
[TestNG-tests-2] INFO io.github.bonigarcia.wdm.WebDriverManager - Exporting webdriver.chrome.driver as C:\Users\Khaled M Farh\.cache\selenium\chromedriver\win32\97.0.4692.71\chromedriver.exe
Starting ChromeDriver 97.0.4692.71 (adefa7837d02a07a604c1e6eff0b3a09422ab88d-refs/branch-heads/4692@{#1247}) on port 64246
Only local connections are allowed.
Please see https://chromedriver.chromium.org/security-considerations for suggestions on keeping ChromeDriver safe.
Starting ChromeDriver 97.0.4692.71 (adefa7837d02a07a604c1e6eff0b3a09422ab88d-refs/branch-heads/4692@{#1247}) on port 63677
Only local connections are allowed.
Please see https://chromedriver.chromium.org/security-considerations for suggestions on keeping ChromeDriver safe.
ChromeDriver was started successfully.
Starting ChromeDriver 97.0.4692.71 (adefa7837d02a07a604c1e6eff0b3a09422ab88d-refs/branch-heads/4692@{#1247}) on port 51233
Only local connections are allowed.
Please see https://chromedriver.chromium.org/security-considerations for suggestions on keeping ChromeDriver safe.
ChromeDriver was started successfully.
ChromeDriver was started successfully.
Feb 03, 2022 4:45:02 PM org.openqa.selenium.remote.ProtocolHandshake createSession
INFO: Detected dialect: W3C
Feb 03, 2022 4:45:02 PM org.openqa.selenium.remote.ProtocolHandshake createSession
INFO: Detected dialect: W3C
Feb 03, 2022 4:45:02 PM org.openqa.selenium.devtools.CdpVersionFinder findNearestMatch
WARNING: Unable to find an exact match for CDP version 97, so returning the closest version found: 95
Feb 03, 2022 4:45:02 PM org.openqa.selenium.devtools.CdpVersionFinder findNearestMatch
INFO: Found CDP implementation for version 97 of 95
Feb 03, 2022 4:45:02 PM org.openqa.selenium.devtools.CdpVersionFinder findNearestMatch
WARNING: Unable to find an exact match for CDP version 97, so returning the closest version found: 95
Feb 03, 2022 4:45:02 PM org.openqa.selenium.devtools.CdpVersionFinder findNearestMatch
INFO: Found CDP implementation for version 97 of 95
Feb 03, 2022 4:45:02 PM org.openqa.selenium.remote.ProtocolHandshake createSession
INFO: Detected dialect: W3C
Feb 03, 2022 4:45:02 PM org.openqa.selenium.devtools.CdpVersionFinder findNearestMatch
WARNING: Unable to find an exact match for CDP version 97, so returning the closest version found: 95
Feb 03, 2022 4:45:02 PM org.openqa.selenium.devtools.CdpVersionFinder findNearestMatch
INFO: Found CDP implementation for version 97 of 95
]]></system-err>
  </testcase>
  <testcase name="UC02_validateAddNewAdvertisementButtonIsEnabled" classname="org.herokuapp.webuitests.HomeTests" time="0">
    <system-out><![CDATA[[INFO ] 2022-02-03 16:45:08.786 TestNG-tests-2.org.herokuapp.helpers.TestListener.onTestStart.Line 29 - Test UC02_validateNameLimitsCounter started
[INFO ] 2022-02-03 16:45:08.786 TestNG-tests-1.org.herokuapp.helpers.TestListener.onTestSuccess.Line 34 - Test UC02_validateAddNewAdvertisementButtonIsEnabled Success
]]></system-out>
  </testcase>
  <testcase name="UC01_validatePageTitle" classname="org.herokuapp.webuitests.NewAddTests" time="0.077">
    <system-out><![CDATA[[INFO ] 2022-02-03 16:45:08.704 TestNG-tests-1.org.herokuapp.helpers.TestListener.onTestStart.Line 29 - Test UC02_validateAddNewAdvertisementButtonIsEnabled started
[INFO ] 2022-02-03 16:45:08.786 TestNG-tests-2.org.herokuapp.helpers.TestListener.onTestSuccess.Line 34 - Test UC01_validatePageTitle Success
]]></system-out>
  </testcase>
  <testcase name="UC02_validateNameLimitsCounter" classname="org.herokuapp.webuitests.NewAddTests" time="1.211">
    <system-out><![CDATA[===== Invoked methods
    HomeTests.UC01_validateAdvertisementTableIsDisplayed()[pri:0, instance:org.herokuapp.webuitests.HomeTests@669513d8]
    HomeTests.UC02_validateAddNewAdvertisementButtonIsEnabled()[pri:0, instance:org.herokuapp.webuitests.HomeTests@669513d8]
=====
PASSED: UC01_validateAdvertisementTableIsDisplayed
PASSED: UC02_validateAddNewAdvertisementButtonIsEnabled

===============================================
    Home Page Elements Test
    Tests run: 2, Failures: 0, Skips: 0
===============================================

[INFO ] 2022-02-03 16:45:08.835 TestNG-tests-1.org.herokuapp.helpers.TestListener.onFinish.Line 47 - Test Home Page Elements Test Finished 
[INFO ] 2022-02-03 16:45:09.985 TestNG-tests-2.org.herokuapp.helpers.TestListener.onTestSuccess.Line 34 - Test UC02_validateNameLimitsCounter Success
]]></system-out>
  </testcase>
  <testcase name="UC03_validateNameLimitsWarning" classname="org.herokuapp.webuitests.NewAddTests" time="0.668">
    <system-out><![CDATA[[INFO ] 2022-02-03 16:45:09.993 TestNG-tests-2.org.herokuapp.helpers.TestListener.onTestStart.Line 29 - Test UC03_validateNameLimitsWarning started
[INFO ] 2022-02-03 16:45:10.663 TestNG-tests-2.org.herokuapp.helpers.TestListener.onTestSuccess.Line 34 - Test UC03_validateNameLimitsWarning Success
]]></system-out>
  </testcase>
  <testcase name="UC04_validateNameIsMandatory" classname="org.herokuapp.webuitests.NewAddTests" time="0.249">
    <system-out><![CDATA[[INFO ] 2022-02-03 16:45:10.663 TestNG-tests-2.org.herokuapp.helpers.TestListener.onTestStart.Line 29 - Test UC04_validateNameIsMandatory started
[INFO ] 2022-02-03 16:45:10.914 TestNG-tests-2.org.herokuapp.helpers.TestListener.onTestSuccess.Line 34 - Test UC04_validateNameIsMandatory Success
]]></system-out>
  </testcase>
  <testcase name="UC05_validatePriceSchema" classname="org.herokuapp.webuitests.NewAddTests" time="0.599">
    <system-out><![CDATA[[INFO ] 2022-02-03 16:45:10.915 TestNG-tests-2.org.herokuapp.helpers.TestListener.onTestStart.Line 29 - Test UC05_validatePriceSchema started
[INFO ] 2022-02-03 16:45:11.515 TestNG-tests-2.org.herokuapp.helpers.TestListener.onTestSuccess.Line 34 - Test UC05_validatePriceSchema Success
]]></system-out>
  </testcase>
  <testcase name="UC06_validateSaveButtonIsDisabledWithInvalidParam" classname="org.herokuapp.webuitests.NewAddTests" time="1.006">
    <system-out><![CDATA[[INFO ] 2022-02-03 16:45:11.516 TestNG-tests-2.org.herokuapp.helpers.TestListener.onTestStart.Line 29 - Test UC06_validateSaveButtonIsDisabledWithInvalidParam started
number of items 77
385
385
385
385
385
385
385
385
385
385
[INFO ] 2022-02-03 16:45:12.524 TestNG-tests-2.org.herokuapp.helpers.TestListener.onTestSuccess.Line 34 - Test UC06_validateSaveButtonIsDisabledWithInvalidParam Success
]]></system-out>
  </testcase>
  <testcase name="UC07_validateSaveButtonIsEnabledWitValidParam" classname="org.herokuapp.webuitests.NewAddTests" time="0.809">
    <system-out><![CDATA[[INFO ] 2022-02-03 16:45:12.525 TestNG-tests-2.org.herokuapp.helpers.TestListener.onTestStart.Line 29 - Test UC07_validateSaveButtonIsEnabledWitValidParam started
385
385
385
385
385
385
385
385
385
[INFO ] 2022-02-03 16:45:13.338 TestNG-tests-2.org.herokuapp.helpers.TestListener.onTestSuccess.Line 34 - Test UC07_validateSaveButtonIsEnabledWitValidParam Success
]]></system-out>
  </testcase>
  <testcase name="UC01_AddingNewAdd_Happy" classname="org.herokuapp.webuitests.UiE2ETesting" time="6.096">
    <system-out><![CDATA[===== Invoked methods
    NewAddTests.UC01_validatePageTitle()[pri:0, instance:org.herokuapp.webuitests.NewAddTests@a77614d]
    NewAddTests.UC02_validateNameLimitsCounter()[pri:0, instance:org.herokuapp.webuitests.NewAddTests@a77614d]
    NewAddTests.UC03_validateNameLimitsWarning()[pri:0, instance:org.herokuapp.webuitests.NewAddTests@a77614d]
    NewAddTests.UC04_validateNameIsMandatory()[pri:0, instance:org.herokuapp.webuitests.NewAddTests@a77614d]
    NewAddTests.UC05_validatePriceSchema()[pri:0, instance:org.herokuapp.webuitests.NewAddTests@a77614d]
    NewAddTests.UC06_validateSaveButtonIsDisabledWithInvalidParam()[pri:0, instance:org.herokuapp.webuitests.NewAddTests@a77614d]
    NewAddTests.UC07_validateSaveButtonIsEnabledWitValidParam()[pri:0, instance:org.herokuapp.webuitests.NewAddTests@a77614d]
=====
PASSED: UC03_validateNameLimitsWarning
PASSED: UC01_validatePageTitle
PASSED: UC04_validateNameIsMandatory
PASSED: UC06_validateSaveButtonIsDisabledWithInvalidParam
PASSED: UC07_validateSaveButtonIsEnabledWitValidParam
PASSED: UC02_validateNameLimitsCounter
PASSED: UC05_validatePriceSchema

===============================================
    New Add Page  Test
    Tests run: 7, Failures: 0, Skips: 0
===============================================

[INFO ] 2022-02-03 16:45:13.376 TestNG-tests-2.org.herokuapp.helpers.TestListener.onFinish.Line 47 - Test New Add Page  Test Finished 
385
385
385
385
385
385
385
385
385
385
385
385
385
385
385
385
385
385
385
385
385
385
385
385
385
385
385
385
385
385
385
385
385
385
385
385
385
385
385
385
385
385
385
385
385
385
385
385
385
385
385
385
385
385
385
385
385
385
[INFO ] 2022-02-03 16:45:18.626 TestNG-tests-3.org.herokuapp.helpers.TestListener.onTestSuccess.Line 34 - Test UC01_AddingNewAdd_Happy Success
]]></system-out>
  </testcase>
</testsuite>