<?xml version="1.0" encoding="UTF-8"?>
<!-- Generated by org.testng.reporters.JUnitXMLReporter -->
<testsuite ignored="0" hostname="DESKTOP-5J36R0S" failures="0" tests="2" name="Home Page Elements Test" time="11.498" errors="0" timestamp="2022-02-03T16:45:08 EET">
  <testcase classname="org.herokuapp.webuitests.HomeTests" name="UC01_validateAdvertisementTableIsDisplayed" time="0.07"/>
  <testcase classname="org.herokuapp.webuitests.HomeTests" name="UC02_validateAddNewAdvertisementButtonIsEnabled" time="0.083"/>
</testsuite> <!-- Home Page Elements Test -->
