<?xml version="1.0" encoding="UTF-8"?>
<!-- Generated by org.testng.reporters.JUnitXMLReporter -->
<testsuite ignored="0" hostname="DESKTOP-5J36R0S" failures="0" tests="7" name="New Add Page  Test" time="16.045" errors="0" timestamp="2022-02-03T16:45:13 EET">
  <testcase classname="org.herokuapp.webuitests.NewAddTests" name="UC01_validatePageTitle" time="0.156"/>
  <testcase classname="org.herokuapp.webuitests.NewAddTests" name="UC02_validateNameLimitsCounter" time="1.198"/>
  <testcase classname="org.herokuapp.webuitests.NewAddTests" name="UC03_validateNameLimitsWarning" time="0.671"/>
  <testcase classname="org.herokuapp.webuitests.NewAddTests" name="UC04_validateNameIsMandatory" time="0.25"/>
  <testcase classname="org.herokuapp.webuitests.NewAddTests" name="UC05_validatePriceSchema" time="0.6"/>
  <testcase classname="org.herokuapp.webuitests.NewAddTests" name="UC06_validateSaveButtonIsDisabledWithInvalidParam" time="1.008"/>
  <testcase classname="org.herokuapp.webuitests.NewAddTests" name="UC07_validateSaveButtonIsEnabledWitValidParam" time="0.814"/>
</testsuite> <!-- New Add Page  Test -->
